<?xml version="1.0" encoding="UTF-8"?>
<testng-results skipped="0" failed="0" total="1" passed="1">
  <reporter-output>
  </reporter-output>
  <suite name="Default suite" duration-ms="16" started-at="2021-06-18T15:40:40Z" finished-at="2021-06-18T15:40:40Z">
    <groups>
    </groups>
    <test name="Default test" duration-ms="16" started-at="2021-06-18T15:40:40Z" finished-at="2021-06-18T15:40:40Z">
      <class name="com.selenium_maven_18th_june.Testng_demo2">
        <test-method status="PASS" signature="beforeSuite()[pri:0, instance:com.selenium_maven_18th_june.Testng_demo2@725bef66]" name="beforeSuite" is-config="true" duration-ms="13" started-at="2021-06-18T21:10:40Z" finished-at="2021-06-18T21:10:40Z">
          <reporter-output>
          </reporter-output>
        </test-method> <!-- beforeSuite -->
        <test-method status="PASS" signature="beforeTest()[pri:0, instance:com.selenium_maven_18th_june.Testng_demo2@725bef66]" name="beforeTest" is-config="true" duration-ms="0" started-at="2021-06-18T21:10:40Z" finished-at="2021-06-18T21:10:40Z">
          <reporter-output>
          </reporter-output>
        </test-method> <!-- beforeTest -->
        <test-method status="PASS" signature="beforeClass()[pri:0, instance:com.selenium_maven_18th_june.Testng_demo2@725bef66]" name="beforeClass" is-config="true" duration-ms="0" started-at="2021-06-18T21:10:40Z" finished-at="2021-06-18T21:10:40Z">
          <reporter-output>
          </reporter-output>
        </test-method> <!-- beforeClass -->
        <test-method status="PASS" signature="beforeMethod()[pri:0, instance:com.selenium_maven_18th_june.Testng_demo2@725bef66]" name="beforeMethod" is-config="true" duration-ms="1" started-at="2021-06-18T21:10:40Z" finished-at="2021-06-18T21:10:40Z">
          <reporter-output>
          </reporter-output>
        </test-method> <!-- beforeMethod -->
        <test-method status="PASS" signature="Login()[pri:0, instance:com.selenium_maven_18th_june.Testng_demo2@725bef66]" name="Login" duration-ms="3" started-at="2021-06-18T21:10:40Z" finished-at="2021-06-18T21:10:40Z">
          <reporter-output>
          </reporter-output>
        </test-method> <!-- Login -->
        <test-method status="PASS" signature="afterClass()[pri:0, instance:com.selenium_maven_18th_june.Testng_demo2@725bef66]" name="afterClass" is-config="true" duration-ms="0" started-at="2021-06-18T21:10:40Z" finished-at="2021-06-18T21:10:40Z">
          <reporter-output>
          </reporter-output>
        </test-method> <!-- afterClass -->
        <test-method status="PASS" signature="afterMethod()[pri:0, instance:com.selenium_maven_18th_june.Testng_demo2@725bef66]" name="afterMethod" is-config="true" duration-ms="0" started-at="2021-06-18T21:10:40Z" finished-at="2021-06-18T21:10:40Z">
          <reporter-output>
          </reporter-output>
        </test-method> <!-- afterMethod -->
        <test-method status="PASS" signature="afterTest()[pri:0, instance:com.selenium_maven_18th_june.Testng_demo2@725bef66]" name="afterTest" is-config="true" duration-ms="0" started-at="2021-06-18T21:10:40Z" finished-at="2021-06-18T21:10:40Z">
          <reporter-output>
          </reporter-output>
        </test-method> <!-- afterTest -->
        <test-method status="PASS" signature="afterSuite()[pri:0, instance:com.selenium_maven_18th_june.Testng_demo2@725bef66]" name="afterSuite" is-config="true" duration-ms="0" started-at="2021-06-18T21:10:40Z" finished-at="2021-06-18T21:10:40Z">
          <reporter-output>
          </reporter-output>
        </test-method> <!-- afterSuite -->
      </class> <!-- com.selenium_maven_18th_june.Testng_demo2 -->
    </test> <!-- Default test -->
  </suite> <!-- Default suite -->
</testng-results>
