<?xml version="1.0" encoding="UTF-8"?>
<!-- Generated by org.testng.reporters.JUnitXMLReporter -->
<testsuite ignored="0" hostname="LIN76001689" failures="0" tests="4" name="Default test" time="33.422" errors="0" timestamp="2023-05-18T09:16:51 IST">
  <testcase classname="com.demowebshop.DemoWebShop" name="login_valid_credentials" time="1.773"/>
  <testcase classname="com.demowebshop.DemoWebShop" name="search_order" time="3.104"/>
  <testcase classname="com.demowebshop.DemoWebShop" name="add_to_cart" time="2.515"/>
  <testcase classname="com.demowebshop.DemoWebShop" name="order" time="20.72"/>
</testsuite> <!-- Default test -->
