<?xml version="1.0" encoding="UTF-8"?>
<testng-results ignored="0" total="1" passed="1" failed="0" skipped="0">
  <reporter-output>
  </reporter-output>
  <suite started-at="2024-04-10T13:48:15 IST" name="Default suite" finished-at="2024-04-10T13:49:53 IST" duration-ms="97555">
    <groups>
    </groups>
    <test started-at="2024-04-10T13:48:15 IST" name="Default test" finished-at="2024-04-10T13:49:53 IST" duration-ms="97555">
      <class name="com.appiumtesting.mobilebrowsertesting.BrowserTest">
        <test-method is-config="true" signature="baseSetUp()[pri:0, instance:com.appiumtesting.mobilebrowsertesting.BrowserTest@4d465b11]" started-at="2024-04-10T13:48:16 IST" name="baseSetUp" finished-at="2024-04-10T13:49:21 IST" duration-ms="65896" status="PASS">
          <reporter-output>
          </reporter-output>
        </test-method> <!-- baseSetUp -->
        <test-method signature="mobileBrowserTest()[pri:0, instance:com.appiumtesting.mobilebrowsertesting.BrowserTest@4d465b11]" started-at="2024-04-10T13:49:21 IST" name="mobileBrowserTest" finished-at="2024-04-10T13:49:50 IST" duration-ms="28298" status="PASS">
          <reporter-output>
          </reporter-output>
        </test-method> <!-- mobileBrowserTest -->
        <test-method is-config="true" signature="tearDown()[pri:0, instance:com.appiumtesting.mobilebrowsertesting.BrowserTest@4d465b11]" started-at="2024-04-10T13:49:50 IST" name="tearDown" finished-at="2024-04-10T13:49:53 IST" duration-ms="3250" status="PASS">
          <reporter-output>
          </reporter-output>
        </test-method> <!-- tearDown -->
      </class> <!-- com.appiumtesting.mobilebrowsertesting.BrowserTest -->
    </test> <!-- Default test -->
  </suite> <!-- Default suite -->
</testng-results>
