<?xml version="1.0" encoding="UTF-8"?>
<testng-results ignored="0" total="1" passed="1" failed="0" skipped="0">
  <reporter-output>
  </reporter-output>
  <suite started-at="2023-05-26T13:31:00 IST" name="Default suite" finished-at="2023-05-26T13:31:25 IST" duration-ms="25665">
    <groups>
      <group name="cucumber">
        <method signature="AbstractTestNGCucumberTests.runScenario(io.cucumber.testng.PickleWrapper,io.cucumber.testng.FeatureWrapper)[pri:0, instance:com.vnv.swagLabs.runner.SwagLabsRunner@53aac487]" name="runScenario" class="io.cucumber.testng.AbstractTestNGCucumberTests"/>
      </group> <!-- cucumber -->
    </groups>
    <test started-at="2023-05-26T13:31:00 IST" name="Default test" finished-at="2023-05-26T13:31:25 IST" duration-ms="25665">
      <class name="com.vnv.swagLabs.runner.SwagLabsRunner">
        <test-method is-config="true" signature="setUpClass()[pri:0, instance:com.vnv.swagLabs.runner.SwagLabsRunner@53aac487]" started-at="2023-05-26T13:31:00 IST" name="setUpClass" finished-at="2023-05-26T13:31:00 IST" duration-ms="343" status="PASS">
          <reporter-output>
          </reporter-output>
        </test-method> <!-- setUpClass -->
        <test-method signature="runScenario(io.cucumber.testng.PickleWrapper,io.cucumber.testng.FeatureWrapper)[pri:0, instance:com.vnv.swagLabs.runner.SwagLabsRunner@53aac487]" started-at="2023-05-26T13:31:00 IST" name="runScenario" description="Runs Cucumber Scenarios" data-provider="scenarios" finished-at="2023-05-26T13:31:25 IST" duration-ms="25101" status="PASS">
          <params>
            <param index="0">
              <value>
                <![CDATA["Login into SwagLabs application"]]>
              </value>
            </param>
            <param index="1">
              <value>
                <![CDATA["Validate Login functionality of Swag Labs application"]]>
              </value>
            </param>
          </params>
          <reporter-output>
          </reporter-output>
        </test-method> <!-- runScenario -->
        <test-method is-config="true" signature="tearDownClass()[pri:0, instance:com.vnv.swagLabs.runner.SwagLabsRunner@53aac487]" started-at="2023-05-26T13:31:25 IST" name="tearDownClass" finished-at="2023-05-26T13:31:25 IST" duration-ms="163" status="PASS">
          <reporter-output>
          </reporter-output>
        </test-method> <!-- tearDownClass -->
        <test-method is-config="true" signature="teardown()[pri:0, instance:com.vnv.swagLabs.runner.SwagLabsRunner@53aac487]" started-at="2023-05-26T13:31:25 IST" name="teardown" finished-at="2023-05-26T13:31:31 IST" duration-ms="5360" status="PASS">
          <reporter-output>
          </reporter-output>
        </test-method> <!-- teardown -->
      </class> <!-- com.vnv.swagLabs.runner.SwagLabsRunner -->
    </test> <!-- Default test -->
  </suite> <!-- Default suite -->
</testng-results>
