<?xml version="1.0" encoding="UTF-8"?>
<testng-results ignored="0" total="4" passed="4" failed="0" skipped="0">
  <reporter-output>
  </reporter-output>
  <suite started-at="2023-05-18T09:16:17 IST" name="Default suite" finished-at="2023-05-18T09:16:51 IST" duration-ms="33422">
    <groups>
    </groups>
    <test started-at="2023-05-18T09:16:17 IST" name="Default test" finished-at="2023-05-18T09:16:51 IST" duration-ms="33422">
      <class name="com.demowebshop.DemoWebShop">
        <test-method is-config="true" signature="launch_browser()[pri:0, instance:com.demowebshop.DemoWebShop@4e7912d8]" started-at="2023-05-18T09:16:17 IST" name="launch_browser" finished-at="2023-05-18T09:16:22 IST" duration-ms="5228" status="PASS">
          <reporter-output>
          </reporter-output>
        </test-method> <!-- launch_browser -->
        <test-method signature="login_valid_credentials()[pri:2, instance:com.demowebshop.DemoWebShop@4e7912d8]" started-at="2023-05-18T09:16:23 IST" name="login_valid_credentials" finished-at="2023-05-18T09:16:24 IST" duration-ms="1773" status="PASS">
          <reporter-output>
          </reporter-output>
        </test-method> <!-- login_valid_credentials -->
        <test-method signature="search_order()[pri:3, instance:com.demowebshop.DemoWebShop@4e7912d8]" started-at="2023-05-18T09:16:24 IST" name="search_order" finished-at="2023-05-18T09:16:27 IST" duration-ms="3104" status="PASS">
          <reporter-output>
          </reporter-output>
        </test-method> <!-- search_order -->
        <test-method signature="add_to_cart()[pri:4, instance:com.demowebshop.DemoWebShop@4e7912d8]" started-at="2023-05-18T09:16:27 IST" name="add_to_cart" finished-at="2023-05-18T09:16:30 IST" duration-ms="2515" status="PASS">
          <reporter-output>
          </reporter-output>
        </test-method> <!-- add_to_cart -->
        <test-method signature="order()[pri:5, instance:com.demowebshop.DemoWebShop@4e7912d8]" started-at="2023-05-18T09:16:30 IST" name="order" finished-at="2023-05-18T09:16:51 IST" duration-ms="20720" status="PASS">
          <reporter-output>
          </reporter-output>
        </test-method> <!-- order -->
      </class> <!-- com.demowebshop.DemoWebShop -->
    </test> <!-- Default test -->
  </suite> <!-- Default suite -->
</testng-results>
