<?xml version="1.0" encoding="UTF-8"?>
<testng-results ignored="0" total="1" passed="1" failed="0" skipped="0">
  <reporter-output>
  </reporter-output>
  <suite started-at="2023-05-19T17:48:52 IST" name="Default suite" finished-at="2023-05-19T17:49:48 IST" duration-ms="56382">
    <groups>
    </groups>
    <test started-at="2023-05-19T17:48:52 IST" name="Default test" finished-at="2023-05-19T17:49:48 IST" duration-ms="56382">
      <class name="com.orangehrm.OrangeHrm">
        <test-method is-config="true" signature="beforeTest()[pri:0, instance:com.orangehrm.OrangeHrm@662b4c69]" started-at="2023-05-19T17:48:52 IST" name="beforeTest" finished-at="2023-05-19T17:48:55 IST" duration-ms="3493" status="PASS">
          <reporter-output>
          </reporter-output>
        </test-method> <!-- beforeTest -->
        <test-method signature="ReadWrite()[pri:0, instance:com.orangehrm.OrangeHrm@662b4c69]" started-at="2023-05-19T17:48:55 IST" name="ReadWrite" finished-at="2023-05-19T17:49:46 IST" duration-ms="50551" status="PASS">
          <reporter-output>
          </reporter-output>
        </test-method> <!-- ReadWrite -->
        <test-method is-config="true" signature="afterTest()[pri:0, instance:com.orangehrm.OrangeHrm@662b4c69]" started-at="2023-05-19T17:49:46 IST" name="afterTest" finished-at="2023-05-19T17:49:48 IST" duration-ms="2294" status="PASS">
          <reporter-output>
          </reporter-output>
        </test-method> <!-- afterTest -->
      </class> <!-- com.orangehrm.OrangeHrm -->
    </test> <!-- Default test -->
  </suite> <!-- Default suite -->
</testng-results>
